[2013-09-18 21:12:29] START
[2013-09-18 21:36:57] EDIT Cifra/models/db.py: -14
[2013-09-18 21:56:36] EDIT Cifra/models/db.py: -5
[2013-09-18 22:19:50] EDIT Cifra/controllers/default.py: -15
[2013-09-18 22:19:52] EDIT Cifra/controllers/default.py: 0
[2013-09-18 22:21:02] EDIT Cifra/controllers/default.py: 0
[2013-09-18 23:01:04] UPLOAD /Users/JoaoBtte/Documents/python/Hello/applications/Cifra/modules/cifra_club.py: 67
[2013-09-18 23:01:42] UPLOAD /Users/JoaoBtte/Documents/python/Hello/applications/Cifra/modules/evernote_song.py: 41
[2013-09-18 23:08:27] EDIT Cifra/controllers/default.py: 1
[2013-09-18 23:40:27] DELETE Cifra/modules/cifra_club.py: -67
[2013-09-18 23:40:50] UPLOAD /Users/JoaoBtte/Documents/python/Hello/applications/Cifra/modules/cifra_club.py: 74
[2013-09-18 23:43:00] EDIT Cifra/modules/cifra_club.py: -1
[2013-09-18 23:48:21] EDIT Cifra/controllers/default.py: 4
[2013-09-18 23:53:28] CREATE default/cifra.html: 0
[2013-09-18 23:55:25] EDIT Cifra/views/default/cifra.html: 1
[2013-09-18 23:56:36] EDIT Cifra/modules/cifra_club.py: 0
[2013-09-18 23:57:26] EDIT Cifra/modules/cifra_club.py: 0
[2013-09-18 23:58:42] EDIT Cifra/controllers/default.py: 0
[2013-09-19 00:00:02] EDIT Cifra/controllers/default.py: 2
[2013-09-19 00:00:08] EDIT Cifra/controllers/default.py: 0
[2013-09-19 00:02:17] EDIT Cifra/controllers/default.py: 0
[2013-09-19 00:03:08] EDIT Cifra/controllers/default.py: 0
[2013-09-19 00:04:38] EDIT Cifra/controllers/default.py: 0
[2013-09-19 11:46:31] EDIT Cifra/views/default/index.html: -23
[2013-09-19 11:47:23] EDIT Cifra/views/default/index.html: 2
[2013-09-19 11:48:01] EDIT Cifra/views/default/index.html: -1
[2013-09-19 11:48:48] EDIT Cifra/views/default/index.html: 0
[2013-09-19 11:49:29] EDIT Cifra/views/default/index.html: 0
[2013-09-19 11:49:46] EDIT Cifra/controllers/default.py: 0
[2013-09-19 11:49:59] EDIT Cifra/controllers/default.py: 0
[2013-09-19 11:54:22] EDIT Cifra/controllers/default.py: 1
[2013-09-19 11:55:17] EDIT Cifra/views/default/cifra.html: -2
[2013-09-19 11:56:32] EDIT Cifra/views/default/cifra.html: 0
[2013-09-19 12:01:11] EDIT Cifra/views/default/cifra.html: 0
[2013-09-19 12:02:18] EDIT Cifra/views/default/cifra.html: 0
[2013-09-19 12:02:19] EDIT Cifra/views/default/cifra.html: 0
[2013-09-19 12:45:22] EDIT Cifra/views/default/cifra.html: 2
[2013-09-19 12:46:08] EDIT Cifra/views/default/cifra.html: 0
[2013-09-19 12:46:29] EDIT Cifra/views/default/cifra.html: 0
[2013-09-19 14:02:45] EDIT Cifra/controllers/default.py: 0
[2013-09-19 14:07:15] EDIT Cifra/modules/cifra_club.py: 0
[2013-09-19 14:09:45] EDIT Cifra/controllers/default.py: 0
[2013-09-19 14:09:47] EDIT Cifra/controllers/default.py: 0
[2013-09-19 14:10:08] EDIT Cifra/controllers/default.py: 0
[2013-09-19 14:10:53] EDIT Cifra/controllers/default.py: 0
[2013-09-19 14:11:38] EDIT Cifra/controllers/default.py: 0
[2013-09-19 14:12:05] EDIT Cifra/controllers/default.py: 0
[2013-09-19 14:12:19] EDIT Cifra/controllers/default.py: 0
[2013-09-19 14:12:28] EDIT Cifra/controllers/default.py: 0
[2013-09-19 14:12:43] EDIT Cifra/controllers/default.py: 0
[2013-09-19 14:12:55] EDIT Cifra/controllers/default.py: 0
[2013-09-19 14:16:39] EDIT Cifra/controllers/default.py: 1
[2013-09-19 14:16:54] EDIT Cifra/controllers/default.py: 0
[2013-09-19 14:17:03] EDIT Cifra/controllers/default.py: 0
[2013-09-19 14:18:13] EDIT Cifra/views/default/cifra.html: 3
[2013-09-19 14:20:43] EDIT Cifra/controllers/default.py: 1
[2013-09-19 14:20:57] EDIT Cifra/views/default/cifra.html: -3
[2013-09-19 14:23:05] EDIT Cifra/views/layout.html: 1
[2013-09-19 14:23:07] EDIT Cifra/views/layout.html: 0
[2013-09-19 14:23:17] EDIT Cifra/controllers/default.py: 0
[2013-09-19 14:23:19] EDIT Cifra/controllers/default.py: 0
[2013-09-19 14:23:56] EDIT Cifra/views/layout.html: 0
[2013-09-19 14:24:01] EDIT Cifra/views/layout.html: 0
[2013-09-19 14:24:36] EDIT Cifra/views/layout.html: 0
[2013-09-19 14:25:24] EDIT Cifra/views/layout.html: 2
[2013-09-19 14:25:59] EDIT Cifra/views/layout.html: -2
[2013-09-19 14:28:03] EDIT Cifra/controllers/default.py: 1
[2013-09-19 14:28:30] EDIT Cifra/views/default/cifra.html: 1
[2013-09-19 14:31:26] EDIT Cifra/modules/cifra_club.py: 0
[2013-09-19 14:31:47] EDIT Cifra/views/default/cifra.html: -3
[2013-09-19 14:31:55] EDIT Cifra/controllers/default.py: -1
[2013-09-19 14:36:08] EDIT Cifra/controllers/default.py: 0
[2013-09-19 14:36:20] EDIT Cifra/controllers/default.py: 0
[2013-09-19 14:44:45] EDIT Cifra/controllers/default.py: 0
[2013-09-19 14:45:54] EDIT Cifra/controllers/default.py: 0
[2013-09-19 14:46:14] EDIT Cifra/controllers/default.py: 0
[2013-09-19 14:46:15] EDIT Cifra/controllers/default.py: 0
[2013-09-19 14:54:40] EDIT Cifra/controllers/default.py: 0
[2013-09-19 14:55:00] EDIT Cifra/controllers/default.py: 0
[2013-09-19 14:56:04] EDIT Cifra/controllers/default.py: 0
[2013-09-19 14:56:14] EDIT Cifra/controllers/default.py: -1
[2013-09-19 14:56:41] EDIT Cifra/controllers/default.py: 1
[2013-09-19 14:59:14] EDIT Cifra/controllers/default.py: 0
[2013-09-19 14:59:57] EDIT Cifra/controllers/default.py: 0
[2013-09-19 15:00:15] EDIT Cifra/controllers/default.py: 0
[2013-09-19 15:01:38] EDIT Cifra/controllers/default.py: -31
[2013-09-19 15:02:37] EDIT Cifra/controllers/default.py: 0
[2013-09-19 15:20:14] EDIT Cifra/modules/cifra_club.py: 0
[2013-09-19 15:20:16] EDIT Cifra/modules/cifra_club.py: 0
[2013-09-19 15:23:03] EDIT Cifra/modules/cifra_club.py: 0
[2013-09-19 15:23:06] EDIT Cifra/modules/cifra_club.py: 0
[2013-09-19 15:23:10] EDIT Cifra/modules/cifra_club.py: 0
[2013-09-19 15:23:11] EDIT Cifra/modules/cifra_club.py: 0
[2013-09-19 15:23:40] EDIT Cifra/modules/cifra_club.py: 0
[2013-09-19 15:24:02] EDIT Cifra/modules/cifra_club.py: 0
[2013-09-19 15:24:40] EDIT Cifra/modules/cifra_club.py: 0
[2013-09-19 15:27:27] EDIT Cifra/modules/cifra_club.py: -1
[2013-09-19 15:27:31] EDIT Cifra/modules/cifra_club.py: 0
[2013-09-19 15:33:12] EDIT Cifra/views/default/cifra.html: 3
[2013-09-19 15:33:25] EDIT Cifra/views/default/cifra.html: 0
[2013-09-19 15:33:32] EDIT Cifra/views/default/cifra.html: 0
[2013-09-19 15:33:32] EDIT Cifra/views/default/cifra.html: 0
[2013-09-19 15:33:51] EDIT Cifra/views/default/cifra.html: 0
[2013-09-19 15:34:15] EDIT Cifra/views/default/cifra.html: 0
[2013-09-19 15:46:46] EDIT Cifra/views/default/cifra.html: 0
[2013-09-19 15:48:20] EDIT Cifra/static/css/web2py.css: 0
[2013-09-19 15:48:50] EDIT Cifra/views/default/cifra.html: -1
[2013-09-19 17:22:57] EDIT Cifra/views/layout.html: 0
[2013-09-19 17:24:47] EDIT Cifra/views/layout.html: 0
[2013-09-19 17:24:50] EDIT Cifra/views/layout.html: 0
[2013-09-19 17:25:23] EDIT Cifra/views/layout.html: 0
[2013-09-19 17:28:02] EDIT Cifra/views/layout.html: 0
[2013-09-19 17:28:20] EDIT Cifra/views/layout.html: 0
[2013-09-19 17:47:37] EDIT Cifra/controllers/default.py: 0
[2013-09-19 18:17:41] EDIT Cifra/views/layout.html: 0
[2013-09-19 20:33:16] EDIT Cifra/views/layout.html: 0
[2013-09-19 22:19:51] EDIT Cifra/models/menu.py: 1
[2013-09-19 22:20:31] EDIT Cifra/models/menu.py: 2
[2013-09-19 22:25:37] EDIT Cifra/models/menu.py: -1
[2013-09-19 22:25:46] EDIT Cifra/models/menu.py: -1
[2013-09-19 22:31:23] EDIT Cifra/models/menu.py: 0
[2013-09-19 22:32:12] EDIT Cifra/views/layout.html: 0
[2013-09-19 22:47:55] EDIT Cifra/views/layout.html: 0
[2013-09-19 22:48:09] EDIT Cifra/views/layout.html: 0
[2013-09-19 22:52:43] EDIT Cifra/views/layout.html: 0
[2013-09-19 22:54:13] EDIT Cifra/views/layout.html: 0
[2013-09-19 23:06:52] EDIT Cifra/views/layout.html: 0
[2013-09-19 23:08:16] EDIT Cifra/views/layout.html: 0
[2013-09-19 23:09:10] EDIT Cifra/views/layout.html: 0
[2013-09-19 23:20:22] EDIT Cifra/views/default/cifra.html: 1
[2013-09-19 23:20:41] EDIT Cifra/views/default/cifra.html: 0
[2013-09-19 23:24:19] EDIT Cifra/views/default/cifra.html: 6
[2013-09-19 23:25:02] EDIT Cifra/views/default/cifra.html: 0
[2013-09-19 23:34:06] EDIT Cifra/views/default/cifra.html: 2
[2013-09-19 23:34:34] EDIT Cifra/views/default/cifra.html: -1
[2013-09-19 23:35:27] EDIT Cifra/views/default/cifra.html: 0
[2013-09-19 23:47:44] EDIT Cifra/controllers/default.py: 3
[2013-09-19 23:48:13] EDIT Cifra/modules/evernote_song.py: 0
[2013-09-19 23:48:43] EDIT Cifra/modules/cifra_club.py: -12
[2013-09-19 23:53:37] EDIT Cifra/views/default/cifra.html: 0
[2013-09-19 23:55:10] EDIT Cifra/models/db.py: 4
[2013-09-20 11:44:47] EDIT Cifra/views/default/cifra.html: 0
[2013-09-20 11:44:52] EDIT Cifra/controllers/default.py: 1
[2013-09-20 11:44:54] EDIT Cifra/modules/evernote_song.py: 0
[2013-09-20 11:48:17] EDIT Cifra/views/default/cifra.html: 0
[2013-09-20 11:50:02] EDIT Cifra/views/default/cifra.html: 0
[2013-09-20 11:50:22] EDIT Cifra/views/default/cifra.html: 0
[2013-09-20 11:53:26] CREATE default/ever.html: 0
[2013-09-20 11:53:56] EDIT Cifra/views/default/ever.html: -1
[2013-09-20 11:54:39] EDIT Cifra/controllers/default.py: 1
[2013-09-20 11:54:41] EDIT Cifra/controllers/default.py: 0
[2013-09-20 12:01:14] EDIT Cifra/views/default/cifra.html: 1
[2013-09-20 12:02:52] EDIT Cifra/controllers/default.py: 1
[2013-09-20 12:06:29] EDIT Cifra/modules/evernote_song.py: 0
[2013-09-20 12:06:40] EDIT Cifra/controllers/default.py: 0
[2013-09-20 12:06:54] EDIT Cifra/controllers/default.py: 0
[2013-09-20 12:26:15] EDIT Cifra/modules/evernote_song.py: 0
[2013-09-20 12:27:05] EDIT Cifra/modules/evernote_song.py: 0
[2013-09-20 12:27:08] EDIT Cifra/modules/evernote_song.py: 0
[2013-09-20 12:40:10] EDIT Cifra/modules/evernote_song.py: 0
[2013-09-20 12:48:01] EDIT Cifra/modules/evernote_song.py: 1
[2013-09-20 12:48:07] EDIT Cifra/modules/evernote_song.py: 0
[2013-09-20 12:50:37] EDIT Cifra/modules/evernote_song.py: 0
[2013-09-20 12:50:54] EDIT Cifra/controllers/default.py: 0
[2013-09-20 12:51:31] EDIT Cifra/controllers/default.py: 2
[2013-09-20 15:53:23] EDIT Cifra/modules/evernote_song.py: 0
[2013-09-20 15:54:35] EDIT Cifra/modules/evernote_song.py: 1
[2013-09-20 15:55:23] EDIT Cifra/controllers/default.py: -3
[2013-09-20 16:04:10] EDIT Cifra/views/default/cifra.html: 2
[2013-09-20 16:13:52] EDIT Cifra/views/default/cifra.html: 0
[2013-09-20 16:14:43] EDIT Cifra/views/default/cifra.html: 0
[2013-09-20 16:14:48] EDIT Cifra/views/default/cifra.html: 0
[2013-09-20 16:15:31] EDIT Cifra/controllers/default.py: 0
[2013-09-20 16:15:33] EDIT Cifra/controllers/default.py: 0
[2013-09-20 16:16:33] EDIT Cifra/controllers/default.py: 0
[2013-09-20 16:16:35] EDIT Cifra/controllers/default.py: 0
[2013-09-20 16:17:11] EDIT Cifra/controllers/default.py: 0
[2013-09-20 16:20:25] EDIT Cifra/views/default/cifra.html: 0
[2013-09-20 16:23:12] EDIT Cifra/controllers/default.py: 0
[2013-09-20 16:23:14] EDIT Cifra/controllers/default.py: 0
[2013-09-20 16:23:36] EDIT Cifra/controllers/default.py: 0
[2013-09-20 16:23:37] EDIT Cifra/controllers/default.py: 0
[2013-09-20 16:25:01] EDIT Cifra/controllers/default.py: 0
[2013-09-22 16:33:11] UPLOAD /Users/JoaoBtte/Documents/python/Hello/applications/Cifra/modules/pdf.py: 48
[2013-09-22 16:44:40] EDIT Cifra/controllers/default.py: 6
[2013-09-22 16:45:00] EDIT Cifra/modules/pdf.py: -5
[2013-09-22 16:51:37] EDIT Cifra/views/default/cifra.html: 1
[2013-09-22 16:53:37] EDIT Cifra/controllers/default.py: 0
[2013-09-22 16:54:56] EDIT Cifra/modules/pdf.py: 0
[2013-09-22 16:55:41] EDIT Cifra/modules/pdf.py: -2
[2013-09-22 17:39:29] EDIT Cifra/controllers/default.py: 4
[2013-09-22 17:39:54] CREATE default/folder.html: 0
[2013-09-22 18:05:25] EDIT Cifra/controllers/default.py: -4
[2013-09-22 18:05:29] EDIT Cifra/controllers/default.py: 0
[2013-09-22 18:05:46] DELETE Cifra/views/default/folder.html: -3
[2013-09-22 19:01:31] EDIT Cifra/modules/pdf.py: 0
[2013-09-22 19:06:45] EDIT Cifra/modules/pdf.py: 0
[2013-09-22 19:21:48] EDIT Cifra/modules/pdf.py: -16
[2013-09-22 19:21:55] EDIT Cifra/modules/pdf.py: 0
[2013-09-22 19:23:53] EDIT Cifra/modules/pdf.py: 1
[2013-09-22 19:23:57] EDIT Cifra/modules/pdf.py: 0
[2013-09-22 19:23:57] EDIT Cifra/modules/pdf.py: 0
[2013-09-22 19:24:20] EDIT Cifra/modules/pdf.py: 0
[2013-09-22 19:25:19] EDIT Cifra/controllers/default.py: -1
[2013-09-22 19:25:21] EDIT Cifra/controllers/default.py: 0
[2013-09-22 19:38:41] EDIT Cifra/modules/pdf.py: 5
[2013-09-22 22:42:46] EDIT Cifra/models/db.py: 1
[2013-09-22 23:17:24] EDIT Cifra/models/db.py: 0
[2013-09-22 23:20:29] EDIT Cifra/models/db.py: -1
[2013-09-22 23:20:49] EDIT Cifra/models/db.py: 0
[2013-09-23 00:11:18] EDIT Cifra/modules/pdf.py: 1
[2013-09-23 00:11:21] EDIT Cifra/modules/pdf.py: 0
[2013-09-23 00:11:33] EDIT Cifra/modules/pdf.py: 0
[2013-09-23 00:12:19] EDIT Cifra/modules/pdf.py: 0
[2013-09-23 00:15:32] EDIT Cifra/controllers/default.py: 24
[2013-09-23 00:15:34] EDIT Cifra/controllers/default.py: 0
[2013-09-23 00:20:20] EDIT Cifra/controllers/default.py: 1
[2013-09-23 12:48:37] EDIT Cifra/views/default/cifra.html: -1
[2013-09-23 12:48:40] EDIT Cifra/controllers/default.py: -4
[2013-09-23 12:49:55] EDIT Cifra/views/default/cifra.html: 0
[2013-09-23 12:49:59] EDIT Cifra/controllers/default.py: 0
[2013-09-23 12:50:58] EDIT Cifra/views/default/cifra.html: 0
[2013-09-23 12:52:17] EDIT Cifra/controllers/default.py: 0
[2013-09-23 12:52:19] EDIT Cifra/controllers/default.py: 0
[2013-09-23 12:55:15] EDIT Cifra/views/default/cifra.html: 0
[2013-09-23 12:56:08] EDIT Cifra/views/default/cifra.html: 0
[2013-09-23 12:56:49] EDIT Cifra/controllers/default.py: 0
[2013-09-23 12:56:51] EDIT Cifra/controllers/default.py: 0
[2013-09-23 12:57:29] EDIT Cifra/controllers/default.py: 0
[2013-09-23 12:57:31] EDIT Cifra/controllers/default.py: 0
[2013-09-23 12:58:12] EDIT Cifra/controllers/default.py: 0
[2013-09-23 12:58:14] EDIT Cifra/controllers/default.py: 0
[2013-09-23 12:58:52] EDIT Cifra/controllers/default.py: 0
[2013-09-23 12:58:54] EDIT Cifra/controllers/default.py: 0
[2013-09-23 13:01:12] EDIT Cifra/controllers/default.py: 2
[2013-09-23 13:01:13] EDIT Cifra/controllers/default.py: 0
[2013-09-23 13:01:33] EDIT Cifra/controllers/default.py: -2
[2013-09-23 13:51:57] EDIT Cifra/controllers/default.py: 0
[2013-09-23 13:51:58] EDIT Cifra/controllers/default.py: 0
[2013-09-23 13:56:19] EDIT Cifra/controllers/default.py: 0
[2013-09-23 13:57:25] EDIT Cifra/controllers/default.py: 0
[2013-09-23 13:59:08] EDIT Cifra/controllers/default.py: 0
[2013-09-23 13:59:10] EDIT Cifra/controllers/default.py: 0
[2013-09-23 14:06:26] EDIT Cifra/controllers/default.py: 1
[2013-09-23 14:06:46] EDIT Cifra/controllers/default.py: 0
[2013-09-23 14:06:47] EDIT Cifra/controllers/default.py: 0
[2013-09-23 17:08:41] EDIT Cifra/controllers/default.py: 0
[2013-09-23 17:09:29] EDIT Cifra/controllers/default.py: 0
[2013-09-23 17:09:31] EDIT Cifra/controllers/default.py: 0
[2013-09-23 17:13:00] EDIT Cifra/controllers/default.py: 8
[2013-09-23 17:13:02] EDIT Cifra/controllers/default.py: 0
[2013-09-23 17:15:11] EDIT Cifra/controllers/default.py: -7
[2013-09-23 17:16:49] EDIT Cifra/controllers/default.py: 0
[2013-09-23 17:18:41] EDIT Cifra/controllers/default.py: -2
[2013-09-23 17:21:35] EDIT Cifra/controllers/default.py: 0
[2013-09-23 17:22:38] EDIT Cifra/controllers/default.py: 0
[2013-09-23 17:22:41] EDIT Cifra/controllers/default.py: 0
[2013-09-23 18:55:33] EDIT Cifra/modules/evernote_song.py: 1
[2013-09-23 20:22:47] EDIT Cifra/static/css/web2py.css: 15
[2013-09-23 20:30:44] UPLOAD /Users/JoaoBtte/Documents/python/Hello/applications/Cifra/static/evernote.jpeg: 20
[2013-09-23 20:30:57] DELETE Cifra/static/evernote.jpeg: -20
[2013-09-23 20:31:09] UPLOAD /Users/JoaoBtte/Documents/python/Hello/applications/Cifra/static/evernote.jpeg: 20
[2013-09-23 20:31:27] UPLOAD /Users/JoaoBtte/Documents/python/Hello/applications/Cifra/static/pdf_icon.png: 781
[2013-09-23 20:32:01] UPLOAD /Users/JoaoBtte/Documents/python/Hello/applications/Cifra/static/EvernoteIcon.png: 205
[2013-09-23 23:21:08] EDIT Cifra/controllers/default.py: 0
[2013-09-23 23:21:12] EDIT Cifra/static/css/web2py.css: 0
[2013-09-23 23:22:58] EDIT Cifra/views/default/cifra.html: 0
[2013-09-23 23:22:59] EDIT Cifra/views/default/cifra.html: 0
[2013-09-23 23:26:22] EDIT Cifra/views/default/cifra.html: 0
[2013-09-23 23:31:32] EDIT Cifra/static/css/web2py.css: -2
[2013-09-23 23:31:49] EDIT Cifra/static/css/web2py.css: 0
[2013-09-23 23:31:51] EDIT Cifra/static/css/web2py.css: 0
[2013-09-23 23:32:00] EDIT Cifra/static/css/web2py.css: 0
[2013-09-23 23:32:00] EDIT Cifra/static/css/web2py.css: 0
[2013-09-23 23:32:11] EDIT Cifra/static/css/web2py.css: 0
[2013-09-23 23:33:14] EDIT Cifra/static/css/web2py.css: 0
[2013-09-23 23:35:30] UPLOAD /Users/JoaoBtte/Documents/python/Hello/applications/Cifra/static/pdficon.png: 47
[2013-09-23 23:35:41] EDIT Cifra/static/css/web2py.css: 0
[2013-09-23 23:36:58] EDIT Cifra/views/default/cifra.html: 0
[2013-09-24 13:33:48] DELETE Cifra/static/pdf_icon.png: -781
[2013-09-24 13:35:27] EDIT Cifra/controllers/default.py: 0
[2013-09-24 13:35:34] EDIT Cifra/static/css/web2py.css: 0
[2013-09-24 15:21:59] EDIT Cifra/static/css/web2py.css: 0
[2013-09-24 15:22:46] EDIT Cifra/static/css/web2py.css: 0
[2013-09-24 15:24:37] EDIT Cifra/static/css/web2py.css: 2
[2013-09-24 15:25:11] EDIT Cifra/static/css/web2py.css: 0
[2013-09-24 15:25:23] EDIT Cifra/static/css/web2py.css: 0
[2013-09-24 15:25:25] EDIT Cifra/static/css/web2py.css: 0
[2013-09-24 15:25:33] EDIT Cifra/static/css/web2py.css: 0
[2013-09-24 15:25:40] EDIT Cifra/static/css/web2py.css: 0
[2013-09-24 15:25:46] EDIT Cifra/static/css/web2py.css: 0
[2013-09-24 15:25:57] EDIT Cifra/static/css/web2py.css: 0
[2013-09-24 15:26:13] EDIT Cifra/static/css/web2py.css: 0
[2013-09-24 15:26:39] EDIT Cifra/views/default/cifra.html: 0
[2013-09-24 15:27:11] EDIT Cifra/views/default/cifra.html: 1
[2013-09-24 15:29:40] EDIT Cifra/controllers/default.py: 0
[2013-09-24 15:29:42] EDIT Cifra/controllers/default.py: 0
[2013-09-24 15:38:34] EDIT Cifra/views/layout.html: 1
[2013-09-24 15:38:36] EDIT Cifra/views/layout.html: 0
[2013-09-24 15:39:07] EDIT Cifra/views/default/cifra.html: 9
[2013-09-24 15:40:41] EDIT Cifra/views/layout.html: -1
[2013-09-24 15:40:43] EDIT Cifra/views/layout.html: 0
[2013-09-24 15:40:44] EDIT Cifra/views/layout.html: 0
[2013-09-24 23:20:59] EDIT Cifra/modules/evernote_song.py: 0
[2013-09-24 23:21:09] EDIT Cifra/modules/evernote_song.py: 0
[2013-09-24 23:21:14] EDIT Cifra/modules/evernote_song.py: 0
[2013-09-24 23:21:40] EDIT Cifra/modules/evernote_song.py: 0
[2013-09-24 23:22:07] EDIT Cifra/modules/evernote_song.py: 0
[2013-09-24 23:23:48] EDIT Cifra/modules/evernote_song.py: 0
[2013-09-25 14:34:17] UPLOAD /Users/JoaoBtte/Documents/python/Hello/applications/Cifra/modules/ever_constants.py: 4
[2013-09-25 15:15:57] UPLOAD /Users/JoaoBtte/Documents/python/Hello/applications/Cifra/modules/ever_ttypes.py: 5336
[2013-09-25 15:16:30] UPLOAD /Users/JoaoBtte/Documents/python/Hello/applications/Cifra/modules/ever_client.py: 133
[2013-09-25 15:19:01] EDIT Cifra/modules/evernote_song.py: 0
[2013-09-25 15:20:31] DELETE Cifra/modules/ever_ttypes.py: -5336
[2013-09-25 15:20:36] DELETE Cifra/modules/ever_constants.py: -4
[2013-09-25 15:20:47] DELETE Cifra/modules/ever_client.py: -133
[2013-09-25 15:21:20] EDIT Cifra/modules/evernote_song.py: 0
[2013-09-25 15:21:59] EDIT Cifra/modules/evernote_song.py: 5
[2013-09-25 19:02:34] EDIT Cifra/modules/evernote_song.py: 0
[2013-09-25 19:36:11] EDIT Cifra/modules/evernote_song.py: 0
[2013-09-25 19:46:29] EDIT Cifra/modules/evernote_song.py: -5
[2013-09-25 20:50:01] EDIT Cifra/modules/evernote_song.py: 0
[2013-09-25 20:50:13] EDIT Cifra/modules/evernote_song.py: 0
[2013-09-25 20:50:36] EDIT Cifra/modules/evernote_song.py: 0
[2013-09-25 20:55:28] EDIT Cifra/views/default/cifra.html: 16
[2013-09-25 20:55:54] EDIT Cifra/static/css/web2py.css: -15
[2013-09-25 22:24:13] EDIT Cifra/modules/evernote_song.py: 0
[2013-09-26 15:18:53] CREATE pdf.py: 0
[2013-09-26 15:19:22] EDIT Cifra/modules/pdf.py: 32
[2013-09-26 15:26:21] EDIT Cifra/modules/evernote_song.py: 0
[2013-09-26 15:38:24] EDIT Cifra/modules/cifra_club.py: -24
[2013-09-26 16:08:47] EDIT Cifra/controllers/default.py: 0
[2013-09-26 16:08:49] EDIT Cifra/controllers/default.py: 0
[2013-09-26 16:09:54] EDIT Cifra/controllers/default.py: 0
[2013-09-26 16:09:56] EDIT Cifra/controllers/default.py: 0
[2013-09-26 16:10:46] EDIT Cifra/views/default/cifra.html: 0
[2013-09-26 16:11:08] EDIT Cifra/views/default/cifra.html: 0
[2013-09-26 16:11:23] EDIT Cifra/views/default/cifra.html: 0
[2013-09-26 16:13:56] EDIT Cifra/views/default/cifra.html: 0
[2013-09-26 16:13:58] EDIT Cifra/views/default/cifra.html: 0
[2013-09-26 16:14:12] EDIT Cifra/views/default/cifra.html: 0
[2013-09-26 16:14:26] EDIT Cifra/views/default/cifra.html: 0
[2013-09-26 16:14:41] EDIT Cifra/views/default/cifra.html: 0
[2013-09-26 16:14:43] EDIT Cifra/views/default/cifra.html: 0
[2013-09-26 16:14:51] EDIT Cifra/views/default/cifra.html: 0
[2013-09-26 16:58:13] EDIT Cifra/controllers/default.py: 0
[2013-09-26 16:58:14] EDIT Cifra/controllers/default.py: 0
[2013-09-26 17:01:01] EDIT Cifra/controllers/default.py: 1
[2013-09-26 17:01:03] EDIT Cifra/controllers/default.py: 0
[2013-09-26 17:01:05] EDIT Cifra/controllers/default.py: 0
[2013-09-26 17:41:04] EDIT Cifra/views/default/cifra.html: 3
[2013-09-26 17:41:06] EDIT Cifra/views/default/cifra.html: 0
[2013-09-26 17:41:09] EDIT Cifra/controllers/default.py: 0
[2013-09-26 17:42:02] EDIT Cifra/controllers/default.py: 0
[2013-09-26 17:42:04] EDIT Cifra/controllers/default.py: 0
[2013-09-26 17:42:05] EDIT Cifra/controllers/default.py: 0
[2013-09-26 17:42:33] EDIT Cifra/controllers/default.py: 2
[2013-09-26 17:42:34] EDIT Cifra/controllers/default.py: 0
[2013-09-26 17:42:57] EDIT Cifra/controllers/default.py: 3
[2013-09-26 17:43:04] EDIT Cifra/views/default/ever.html: -1
[2013-09-26 18:06:24] EDIT Cifra/modules/evernote_song.py: 0
[2013-09-26 23:40:12] EDIT Cifra/controllers/default.py: 0
[2013-09-26 23:46:28] EDIT Cifra/controllers/default.py: 0
[2013-09-26 23:47:39] EDIT Cifra/controllers/default.py: 0
[2013-09-26 23:47:41] EDIT Cifra/controllers/default.py: 0
[2013-09-27 09:32:13] EDIT Cifra/views/default/cifra.html: 0
[2013-09-27 09:32:43] EDIT Cifra/views/default/cifra.html: -3
[2013-09-27 09:33:01] EDIT Cifra/controllers/default.py: -5
[2013-09-27 09:45:51] EDIT Cifra/views/default/cifra.html: 0
[2013-09-27 09:47:53] EDIT Cifra/views/default/cifra.html: 0
[2013-09-27 09:48:22] EDIT Cifra/views/default/cifra.html: 0
[2013-09-27 09:48:56] EDIT Cifra/views/default/cifra.html: 0
[2013-09-27 09:49:12] EDIT Cifra/views/default/cifra.html: 0
[2013-09-27 09:49:38] EDIT Cifra/views/default/cifra.html: 0
[2013-09-27 09:49:47] EDIT Cifra/views/default/cifra.html: 0
[2013-09-27 09:51:03] EDIT Cifra/views/default/cifra.html: 0
[2013-09-27 09:51:23] EDIT Cifra/views/default/cifra.html: 0
[2013-09-27 09:52:15] EDIT Cifra/views/default/cifra.html: 0
[2013-09-27 13:06:34] EDIT Cifra/views/default/cifra.html: 0
[2013-09-27 17:03:39] EDIT Cifra/views/default/cifra.html: 5
[2013-09-27 17:16:21] EDIT Cifra/views/default/cifra.html: 0
[2013-09-27 17:17:43] EDIT Cifra/views/default/cifra.html: 1
[2013-09-27 17:17:47] EDIT Cifra/views/default/cifra.html: 0
[2013-09-27 17:18:46] EDIT Cifra/views/default/cifra.html: 0
[2013-09-27 17:18:48] EDIT Cifra/views/default/cifra.html: 0
[2013-09-27 17:19:57] EDIT Cifra/views/layout.html: 0
[2013-09-27 17:21:56] EDIT Cifra/views/default/cifra.html: 0
[2013-09-27 17:22:23] EDIT Cifra/views/default/cifra.html: 0
[2013-09-27 17:23:28] EDIT Cifra/views/default/cifra.html: 6
[2013-09-27 17:24:08] EDIT Cifra/views/default/cifra.html: 0
[2013-09-27 17:25:06] EDIT Cifra/views/default/cifra.html: 0
[2013-09-27 17:32:49] EDIT Cifra/views/default/cifra.html: 0
[2013-09-27 17:32:51] EDIT Cifra/views/default/cifra.html: 0
[2013-09-27 17:33:14] EDIT Cifra/views/layout.html: 0
[2013-09-27 17:33:29] EDIT Cifra/views/default/cifra.html: 0
[2013-09-27 17:34:19] EDIT Cifra/views/default/cifra.html: 1
[2013-09-27 17:35:00] EDIT Cifra/views/default/cifra.html: -6
[2013-09-27 17:35:02] EDIT Cifra/views/default/cifra.html: 0
[2013-09-27 17:35:44] EDIT Cifra/views/default/cifra.html: 0
[2013-09-27 17:35:56] EDIT Cifra/views/default/cifra.html: 0
[2013-09-27 17:36:30] EDIT Cifra/views/default/cifra.html: 0
[2013-09-27 17:37:13] EDIT Cifra/views/default/cifra.html: 0
[2013-09-27 17:37:14] EDIT Cifra/views/default/cifra.html: 0
[2013-09-27 17:37:31] EDIT Cifra/views/default/cifra.html: 0
[2013-09-27 17:37:33] EDIT Cifra/views/default/cifra.html: 0
[2013-09-27 17:37:57] EDIT Cifra/views/default/cifra.html: 0
[2013-09-27 17:37:58] EDIT Cifra/views/default/cifra.html: 0
[2013-09-27 17:38:11] EDIT Cifra/views/default/cifra.html: 0
[2013-09-27 17:38:52] EDIT Cifra/views/default/cifra.html: 0
[2013-09-27 17:39:19] EDIT Cifra/views/default/cifra.html: 0
[2013-09-27 17:39:40] EDIT Cifra/views/default/cifra.html: 1
[2013-09-27 17:40:35] EDIT Cifra/views/default/cifra.html: 1
[2013-09-27 17:42:02] EDIT Cifra/views/default/cifra.html: 0
[2013-09-27 17:42:03] EDIT Cifra/views/default/cifra.html: 0
[2013-09-27 17:42:13] EDIT Cifra/views/default/cifra.html: 0
[2013-09-27 17:43:19] EDIT Cifra/views/default/cifra.html: 3
[2013-09-27 18:00:29] EDIT Cifra/views/default/cifra.html: 1
[2013-09-27 18:01:29] EDIT Cifra/views/default/cifra.html: 4
[2013-09-27 18:01:33] EDIT Cifra/views/default/cifra.html: 0
[2013-09-27 18:06:48] EDIT Cifra/views/default/cifra.html: 0
[2013-09-27 18:10:23] EDIT Cifra/views/default/cifra.html: 10
[2013-09-27 18:15:50] EDIT Cifra/views/default/cifra.html: 5
[2013-09-27 18:16:12] EDIT Cifra/views/default/cifra.html: 0
[2013-09-27 18:16:31] EDIT Cifra/views/default/cifra.html: 0
[2013-09-27 18:16:33] EDIT Cifra/views/default/cifra.html: 0
[2013-09-27 18:16:34] EDIT Cifra/views/default/cifra.html: 0
[2013-09-27 18:16:35] EDIT Cifra/views/default/cifra.html: 0
[2013-09-27 18:17:40] EDIT Cifra/views/default/cifra.html: 0
[2013-09-27 18:18:44] EDIT Cifra/views/default/cifra.html: 2
[2013-09-27 18:18:46] EDIT Cifra/views/default/cifra.html: 0
[2013-09-27 18:18:49] EDIT Cifra/views/default/cifra.html: 0
[2013-09-27 18:18:49] EDIT Cifra/views/default/cifra.html: 0
[2013-09-27 18:29:49] EDIT Cifra/views/layout.html: 0
[2013-09-27 18:29:50] EDIT Cifra/views/layout.html: 0
[2013-09-27 18:30:15] EDIT Cifra/views/layout.html: 0
[2013-09-27 18:35:53] EDIT Cifra/views/default/cifra.html: -2
[2013-09-27 18:47:57] EDIT Cifra/views/default/cifra.html: -1
[2013-09-27 18:48:15] EDIT Cifra/views/default/cifra.html: 0
[2013-09-27 18:48:23] EDIT Cifra/views/default/cifra.html: -1
[2013-09-27 18:48:47] EDIT Cifra/views/default/cifra.html: 0
[2013-09-27 18:50:40] EDIT Cifra/views/default/cifra.html: 0
[2013-09-27 18:50:43] EDIT Cifra/views/default/cifra.html: 0
[2013-09-27 18:51:21] EDIT Cifra/views/default/cifra.html: -1
[2013-09-27 18:51:22] EDIT Cifra/views/default/cifra.html: 0
[2013-09-27 18:51:34] EDIT Cifra/views/default/cifra.html: 1
[2013-09-27 18:51:36] EDIT Cifra/views/default/cifra.html: 0
[2013-09-27 18:52:19] EDIT Cifra/views/default/cifra.html: 0
[2013-09-27 18:52:21] EDIT Cifra/views/default/cifra.html: 0
[2013-09-27 18:52:41] EDIT Cifra/views/default/cifra.html: -1
[2013-09-27 18:52:55] EDIT Cifra/views/default/cifra.html: 1
[2013-09-27 18:53:37] EDIT Cifra/views/default/cifra.html: 0
[2013-09-27 18:53:39] EDIT Cifra/views/default/cifra.html: 0
[2013-09-27 18:54:32] EDIT Cifra/views/default/cifra.html: 0
[2013-09-27 18:54:33] EDIT Cifra/views/default/cifra.html: 0
[2013-09-27 18:54:35] EDIT Cifra/views/default/cifra.html: 0
[2013-09-27 18:55:05] EDIT Cifra/views/default/cifra.html: -1
[2013-09-27 18:55:16] EDIT Cifra/views/default/cifra.html: 1
[2013-09-27 18:55:33] EDIT Cifra/views/default/cifra.html: 0
[2013-09-27 18:55:37] EDIT Cifra/views/default/cifra.html: 0
[2013-09-27 18:57:09] EDIT Cifra/views/default/cifra.html: -2
[2013-09-27 18:57:39] EDIT Cifra/views/default/cifra.html: -1
[2013-09-27 18:57:40] EDIT Cifra/views/default/cifra.html: 0
[2013-09-27 18:58:11] EDIT Cifra/views/default/cifra.html: -1
[2013-09-27 18:58:33] EDIT Cifra/views/default/cifra.html: 1
[2013-09-27 19:01:56] EDIT Cifra/views/default/cifra.html: 0
[2013-09-27 19:02:20] EDIT Cifra/views/default/cifra.html: 0
[2013-09-27 19:02:21] EDIT Cifra/views/default/cifra.html: 0
[2013-09-27 19:04:32] EDIT Cifra/views/default/cifra.html: 2
[2013-09-27 21:08:59] EDIT Cifra/views/default/cifra.html: 0
[2013-09-27 21:09:01] EDIT Cifra/views/default/cifra.html: 0
[2013-09-27 21:10:28] EDIT Cifra/views/default/cifra.html: 0
[2013-09-27 21:10:30] EDIT Cifra/views/default/cifra.html: 0
[2013-09-27 21:11:39] EDIT Cifra/views/default/cifra.html: 2
[2013-09-27 21:11:40] EDIT Cifra/views/default/cifra.html: 0
[2013-09-27 21:12:12] EDIT Cifra/views/default/cifra.html: 0
[2013-09-27 21:12:14] EDIT Cifra/views/default/cifra.html: 0
[2013-09-27 21:16:14] EDIT Cifra/views/default/cifra.html: 0
[2013-09-27 21:16:15] EDIT Cifra/views/default/cifra.html: 0
[2013-09-27 21:17:15] EDIT Cifra/views/default/cifra.html: -1
[2013-09-27 21:17:17] EDIT Cifra/views/default/cifra.html: 0
[2013-09-27 21:18:47] EDIT Cifra/views/default/cifra.html: 0
[2013-09-27 21:24:43] EDIT Cifra/views/default/cifra.html: -12
[2013-09-27 21:24:48] EDIT Cifra/views/default/cifra.html: 0
[2013-09-27 21:24:51] EDIT Cifra/views/default/cifra.html: 0
[2013-09-27 21:27:23] EDIT Cifra/views/default/cifra.html: 10
[2013-09-27 21:27:24] EDIT Cifra/views/default/cifra.html: 0
[2013-09-27 21:28:08] EDIT Cifra/views/default/cifra.html: 0
[2013-09-27 21:28:49] EDIT Cifra/views/default/cifra.html: 1
[2013-09-27 21:29:19] EDIT Cifra/views/default/cifra.html: 0
[2013-09-27 21:29:21] EDIT Cifra/views/default/cifra.html: 0
[2013-09-27 21:30:34] EDIT Cifra/views/default/cifra.html: 0
[2013-09-27 21:31:03] EDIT Cifra/views/default/cifra.html: 0
[2013-09-27 21:31:16] EDIT Cifra/views/default/cifra.html: 0
[2013-09-27 21:33:31] EDIT Cifra/views/default/cifra.html: 1
[2013-09-27 21:34:25] EDIT Cifra/views/default/cifra.html: -1
[2013-09-27 21:34:27] EDIT Cifra/views/default/cifra.html: 0
[2013-09-27 21:35:12] EDIT Cifra/views/default/cifra.html: 0
[2013-09-27 22:01:48] EDIT Cifra/views/default/cifra.html: 30
[2013-09-27 22:02:31] EDIT Cifra/views/default/cifra.html: -30
[2013-09-27 23:00:33] EDIT Cifra/views/default/cifra.html: 11
[2013-09-28 10:14:35] EDIT Cifra/views/default/cifra.html: -3
[2013-09-28 10:15:27] EDIT Cifra/controllers/default.py: 3
[2013-09-28 10:15:53] CREATE default/update_song.html: 0
[2013-09-28 10:16:25] EDIT Cifra/views/default/update_song.html: 1
[2013-09-28 10:18:45] EDIT Cifra/controllers/default.py: 1
[2013-09-28 10:18:48] EDIT Cifra/controllers/default.py: 0
[2013-09-28 10:18:50] EDIT Cifra/controllers/default.py: 0
[2013-09-28 10:19:05] EDIT Cifra/controllers/default.py: 0
[2013-09-28 10:19:07] EDIT Cifra/controllers/default.py: 0
[2013-09-28 10:19:55] EDIT Cifra/views/default/cifra.html: 0
[2013-09-28 10:19:57] EDIT Cifra/views/default/cifra.html: 0
[2013-09-28 14:23:24] EDIT Cifra/views/default/cifra.html: 0
[2013-09-28 14:27:12] EDIT Cifra/views/default/cifra.html: 0
[2013-09-28 14:27:14] EDIT Cifra/views/default/cifra.html: 0
[2013-09-28 14:27:44] EDIT Cifra/views/default/cifra.html: 0
[2013-09-28 14:28:07] EDIT Cifra/views/default/cifra.html: 1
[2013-09-28 14:29:05] EDIT Cifra/views/default/cifra.html: 0
[2013-09-28 14:30:05] EDIT Cifra/views/default/cifra.html: 0
[2013-09-28 14:30:26] EDIT Cifra/views/default/cifra.html: 0
[2013-09-28 14:31:56] EDIT Cifra/views/default/cifra.html: 5
[2013-09-28 14:32:00] EDIT Cifra/views/default/cifra.html: 0
[2013-09-28 14:35:08] EDIT Cifra/views/default/cifra.html: 2
[2013-09-28 14:38:48] EDIT Cifra/views/default/cifra.html: 2
[2013-09-28 14:38:50] EDIT Cifra/views/default/cifra.html: 0
[2013-09-28 14:39:22] EDIT Cifra/views/default/cifra.html: -1
[2013-09-28 14:40:01] EDIT Cifra/views/default/cifra.html: 0
[2013-09-28 14:40:03] EDIT Cifra/views/default/cifra.html: 0
[2013-09-28 14:41:39] EDIT Cifra/views/default/cifra.html: 3
[2013-09-28 14:41:56] EDIT Cifra/views/default/cifra.html: 0
[2013-09-28 14:41:57] EDIT Cifra/views/default/cifra.html: 0
[2013-09-28 14:49:31] EDIT Cifra/views/default/cifra.html: 3
[2013-09-28 15:09:19] EDIT Cifra/views/default/cifra.html: 0
[2013-09-28 15:09:45] EDIT Cifra/views/default/cifra.html: -4
[2013-09-28 15:10:02] EDIT Cifra/views/default/cifra.html: -1
[2013-09-28 15:13:58] EDIT Cifra/views/default/cifra.html: 6
[2013-09-28 15:15:27] EDIT Cifra/views/default/cifra.html: 0
[2013-09-28 15:16:25] EDIT Cifra/views/default/cifra.html: 0
[2013-09-28 15:16:26] EDIT Cifra/views/default/cifra.html: 0
[2013-09-28 15:17:11] EDIT Cifra/views/default/cifra.html: 0
[2013-09-28 15:17:12] EDIT Cifra/views/default/cifra.html: 0
[2013-09-28 15:19:43] EDIT Cifra/views/default/cifra.html: 0
[2013-09-28 15:19:45] EDIT Cifra/views/default/cifra.html: 0
[2013-09-28 15:20:00] EDIT Cifra/views/default/cifra.html: 0
[2013-09-28 15:20:12] EDIT Cifra/views/default/cifra.html: 0
[2013-09-28 15:20:15] EDIT Cifra/views/default/cifra.html: 0
[2013-09-28 15:21:16] EDIT Cifra/views/default/cifra.html: 0
[2013-09-28 15:21:19] EDIT Cifra/views/default/cifra.html: 0
[2013-09-28 15:22:03] EDIT Cifra/views/default/cifra.html: 0
[2013-09-28 15:22:06] EDIT Cifra/views/default/cifra.html: 0
[2013-09-28 15:28:39] EDIT Cifra/views/default/cifra.html: -7
[2013-09-28 15:29:11] EDIT Cifra/views/default/cifra.html: 0
[2013-09-28 15:29:14] EDIT Cifra/views/default/cifra.html: 0
[2013-09-28 15:29:18] EDIT Cifra/views/default/cifra.html: 0
[2013-09-28 15:29:56] EDIT Cifra/views/default/cifra.html: 0
[2013-09-28 15:30:35] EDIT Cifra/views/default/cifra.html: 0
[2013-09-28 15:36:07] EDIT Cifra/controllers/default.py: 0
[2013-09-28 15:37:03] EDIT Cifra/views/default/cifra.html: 0
[2013-09-28 15:40:21] EDIT Cifra/controllers/default.py: 1
[2013-09-28 15:41:29] EDIT Cifra/controllers/default.py: -2
[2013-09-28 15:41:48] EDIT Cifra/controllers/default.py: 1
[2013-09-28 16:13:44] EDIT Cifra/controllers/default.py: 0
[2013-09-28 16:14:15] EDIT Cifra/controllers/default.py: 0
[2013-09-28 16:15:20] EDIT Cifra/controllers/default.py: 0
[2013-09-28 16:15:22] EDIT Cifra/controllers/default.py: 0
[2013-09-28 16:16:02] EDIT Cifra/controllers/default.py: 0
[2013-09-28 16:18:13] EDIT Cifra/views/default/cifra.html: 0
[2013-09-28 16:18:35] EDIT Cifra/views/default/cifra.html: 0
[2013-09-28 16:19:03] EDIT Cifra/views/default/cifra.html: 0
[2013-09-28 16:23:02] EDIT Cifra/views/default/cifra.html: 1
[2013-09-28 17:37:40] EDIT Cifra/controllers/default.py: 0
[2013-09-28 17:45:01] EDIT Cifra/controllers/default.py: 0
[2013-09-28 17:46:06] EDIT Cifra/controllers/default.py: 1
[2013-09-28 17:46:08] EDIT Cifra/controllers/default.py: 0
[2013-09-28 17:47:57] EDIT Cifra/views/default/cifra.html: 0
[2013-09-28 17:48:26] EDIT Cifra/views/default/cifra.html: -1
[2013-09-28 17:48:28] EDIT Cifra/views/default/cifra.html: 0
[2013-09-28 22:28:56] EDIT Cifra/views/default/cifra.html: 1
[2013-09-28 22:29:39] CREATE css/cifra.css: 0
[2013-09-28 22:30:59] EDIT Cifra/controllers/default.py: 0
[2013-09-28 22:31:02] EDIT Cifra/static/css/cifra.css: 36
[2013-09-28 22:31:21] EDIT Cifra/views/default/cifra.html: -41
[2013-09-28 22:39:05] EDIT Cifra/views/default/cifra.html: -2
[2013-09-28 22:39:07] EDIT Cifra/views/default/cifra.html: 0
[2013-09-28 22:45:18] EDIT Cifra/static/css/cifra.css: 2
[2013-09-28 22:46:17] EDIT Cifra/static/css/cifra.css: 2
[2013-09-28 22:46:28] EDIT Cifra/static/css/cifra.css: 0
[2013-09-28 22:46:42] EDIT Cifra/static/css/cifra.css: 1
[2013-09-28 22:47:22] EDIT Cifra/static/css/cifra.css: 2
[2013-09-28 22:51:14] EDIT Cifra/static/css/cifra.css: 1
[2013-09-28 22:51:37] EDIT Cifra/static/css/cifra.css: 0
[2013-09-28 22:52:08] EDIT Cifra/static/css/cifra.css: 1
[2013-09-28 22:52:22] EDIT Cifra/static/css/cifra.css: 0
[2013-09-28 22:52:46] EDIT Cifra/static/css/cifra.css: 0
[2013-09-28 22:52:59] EDIT Cifra/static/css/cifra.css: 0
[2013-09-28 22:53:09] EDIT Cifra/static/css/cifra.css: -1
[2013-09-28 22:54:34] EDIT Cifra/static/css/cifra.css: 1
[2013-09-28 22:54:36] EDIT Cifra/static/css/cifra.css: 0
[2013-09-28 22:56:21] EDIT Cifra/static/css/cifra.css: 4
[2013-09-28 22:56:22] EDIT Cifra/static/css/cifra.css: 0
[2013-09-28 22:56:43] EDIT Cifra/static/css/cifra.css: 0
[2013-09-28 23:03:03] EDIT Cifra/views/layout.html: -1
[2013-09-28 23:04:35] EDIT Cifra/views/default/cifra.html: -1
[2013-09-28 23:04:37] EDIT Cifra/controllers/default.py: 0
[2013-09-28 23:04:58] EDIT Cifra/views/layout.html: 1
[2013-09-28 23:05:00] EDIT Cifra/views/layout.html: 0
[2013-09-28 23:05:02] EDIT Cifra/views/layout.html: 0
[2013-09-28 23:25:24] EDIT Cifra/views/default/cifra.html: 0
[2013-09-28 23:26:00] EDIT Cifra/static/css/cifra.css: 0
[2013-09-28 23:26:02] EDIT Cifra/static/css/cifra.css: 0
[2013-09-28 23:28:08] EDIT Cifra/views/layout.html: 0
[2013-09-28 23:28:09] EDIT Cifra/views/layout.html: 0
[2013-09-28 23:28:22] EDIT Cifra/static/css/cifra.css: -2
[2013-09-28 23:29:12] EDIT Cifra/static/css/cifra.css: -3
[2013-09-28 23:30:31] EDIT Cifra/static/css/cifra.css: 0
[2013-09-28 23:31:46] EDIT Cifra/static/css/cifra.css: 1
[2013-09-28 23:32:37] EDIT Cifra/static/css/cifra.css: 2
[2013-09-28 23:33:00] EDIT Cifra/static/css/cifra.css: 0
[2013-09-28 23:33:31] EDIT Cifra/static/css/cifra.css: -3
[2013-09-28 23:34:00] EDIT Cifra/static/css/cifra.css: 1
[2013-09-28 23:35:41] EDIT Cifra/static/css/cifra.css: -1
[2013-09-28 23:36:04] EDIT Cifra/static/css/cifra.css: -2
[2013-09-28 23:36:16] EDIT Cifra/static/css/cifra.css: 0
[2013-09-28 23:42:01] EDIT Cifra/controllers/default.py: 17
[2013-09-28 23:42:03] EDIT Cifra/controllers/default.py: 0
[2013-09-28 23:43:00] EDIT Cifra/controllers/default.py: 0
[2013-09-28 23:53:36] EDIT Cifra/controllers/default.py: -1
[2013-09-28 23:53:38] EDIT Cifra/controllers/default.py: 0
[2013-09-28 23:54:52] DELETE Cifra/static/evernote.jpeg: -20
