[2013-09-18 08:25:05] START
[2013-09-18 08:39:41] EDIT Images/models/db.py: -10
[2013-09-18 08:49:34] EDIT Images/models/db.py: 0
[2013-09-18 09:05:36] EDIT Images/controllers/default.py: -6
[2013-09-18 09:06:31] EDIT Images/controllers/default.py: -47
[2013-09-18 09:08:39] EDIT Images/views/default/index.html: -25
[2013-09-18 09:27:02] CREATE default/show.html: 0
[2013-09-18 09:28:03] EDIT Images/views/default/show.html: 13
[2013-09-18 09:30:35] EDIT Images/controllers/default.py: 10
[2013-09-18 11:59:17] EDIT Images/models/db.py: 3
[2013-09-18 12:00:10] EDIT Images/controllers/default.py: 2
[2013-09-18 12:02:06] EDIT Images/controllers/default.py: 1
[2013-09-18 12:06:02] EDIT Images/controllers/default.py: 4
[2013-09-18 12:07:14] EDIT Images/controllers/default.py: 0
[2013-09-18 12:07:56] CREATE default/manage.html: 0
[2013-09-18 12:08:18] EDIT Images/views/default/manage.html: 0
[2013-09-18 12:10:24] EDIT Images/views/default/manage.html: 0
[2013-09-19 23:55:53] EDIT Images/models/db.py: 3
[2013-09-22 22:44:25] EDIT Images/models/db.py: 1
[2013-09-22 23:18:12] EDIT Images/models/db.py: 2
[2013-09-22 23:21:19] EDIT Images/models/db.py: -2
