[2013-09-17 21:34:17] START
[2013-09-17 21:35:50] EDIT myapp/controllers/default.py: 0
[2013-09-17 21:36:44] EDIT myapp/controllers/default.py: 0
[2013-09-17 21:37:35] EDIT myapp/views/default/index.html: -26
[2013-09-17 21:43:47] EDIT myapp/views/default/index.html: 1
[2013-09-17 21:44:07] EDIT myapp/views/default/index.html: -1
[2013-09-17 21:50:17] EDIT myapp/controllers/default.py: 4
[2013-09-17 21:50:30] EDIT myapp/views/default/index.html: 1
[2013-09-17 21:53:32] EDIT myapp/controllers/default.py: 4
[2013-09-17 21:54:27] CREATE default/first.html: 0
[2013-09-17 21:54:59] EDIT myapp/views/default/first.html: 3
[2013-09-17 21:55:41] CREATE default/second.html: 0
[2013-09-17 21:56:13] EDIT myapp/views/default/second.html: -1
[2013-09-17 21:59:10] EDIT myapp/views/default/index.html: 1
[2013-09-17 22:03:11] EDIT myapp/views/default/index.html: 2
[2013-09-17 22:03:47] EDIT myapp/views/default/index.html: 1
[2013-09-17 22:09:45] EDIT myapp/controllers/default.py: 3
[2013-09-17 22:15:37] EDIT myapp/views/default/second.html: 0
[2013-09-17 22:18:20] EDIT myapp/views/default/first.html: 0
[2013-09-17 22:24:17] EDIT myapp/controllers/default.py: 2
[2013-09-17 22:28:21] EDIT myapp/controllers/default.py: 5
[2013-09-17 22:34:46] EDIT myapp/views/default/first.html: -3
[2013-09-17 22:35:25] EDIT myapp/views/default/first.html: 0
[2013-09-17 22:35:55] EDIT myapp/views/default/first.html: -1
[2013-09-17 22:36:29] EDIT myapp/views/default/first.html: 0
[2013-09-17 22:37:42] EDIT myapp/controllers/default.py: 1
[2013-09-17 22:39:20] EDIT myapp/controllers/default.py: -3
[2013-09-17 22:43:38] EDIT myapp/controllers/default.py: 0
[2013-09-17 22:44:39] EDIT myapp/controllers/default.py: -2
[2013-09-17 22:44:41] EDIT myapp/controllers/default.py: 0
[2013-09-17 22:45:50] EDIT myapp/controllers/default.py: -1
[2013-09-17 22:46:27] EDIT myapp/controllers/default.py: 0
[2013-09-17 22:47:10] EDIT myapp/controllers/default.py: 1
[2013-09-17 22:48:56] EDIT myapp/views/default/first.html: 4
[2013-09-18 08:05:20] EDIT myapp/views/default/first.html: 1
[2013-09-18 08:06:02] EDIT myapp/views/default/first.html: 0
[2013-09-18 08:06:19] EDIT myapp/views/default/first.html: 0
[2013-09-18 08:07:10] EDIT myapp/controllers/default.py: 0
[2013-09-18 08:14:39] EDIT myapp/views/default/first.html: 0
[2013-09-18 08:15:45] EDIT myapp/views/default/first.html: 0
[2013-09-18 08:16:26] EDIT myapp/views/default/first.html: 0
[2013-09-18 08:17:14] EDIT myapp/controllers/default.py: 0
[2013-09-18 08:17:29] EDIT myapp/views/default/first.html: -5
[2013-09-18 08:18:45] EDIT myapp/controllers/default.py: 2
[2013-09-18 08:19:07] EDIT myapp/controllers/default.py: 0
[2013-09-18 08:19:09] EDIT myapp/controllers/default.py: 0
[2013-09-18 08:22:07] EDIT myapp/controllers/default.py: 0
[2013-09-18 08:22:18] EDIT myapp/controllers/default.py: 0
[2013-09-18 08:23:14] EDIT myapp/views/default/first.html: 1
[2013-09-18 08:23:31] EDIT myapp/views/default/first.html: -1
[2013-09-19 23:56:28] EDIT myapp/models/db.py: -8
[2013-09-22 22:44:43] EDIT myapp/models/db.py: 1
[2013-09-22 23:18:45] EDIT myapp/models/db.py: 2
